Name                  Stmts   Miss Branch BrPart  Cover   Missing
-----------------------------------------------------------------
backend/database.py      43      3      6      2    90%   44->47, 64->exit, 73-76
backend/main.py         305     22     66     19    89%   58, 72, 112->118, 152->154, 155, 200-202, 229->232, 301-303, 315, 318-319, 330, 351, 371->373, 392, 444, 503, 506, 536, 539, 562, 584
backend/models.py        92      0      0      0   100%
backend/schemas.py       31      0      0      0   100%
backend/security.py      24      3      2      1    85%   36, 41-42
backend/seed.py          16      0      6      0   100%
-----------------------------------------------------------------
TOTAL                   511     28     80     22    92%
