QueueSmart Assignment 3 - Verified Test Results
Generated: 2026-07-22

.........................                                                [100%]
25 passed in 2.98s

Name                  Stmts   Miss  Cover   Missing
---------------------------------------------------
backend/business.py     129     11    91%   53, 76, 89, 97, 116, 118, 157, 175, 201, 204, 263
backend/main.py          91      1    99%   178
backend/models.py        33      1    97%   21
backend/security.py      17      2    88%   19-20
backend/store.py         48      1    98%   174
---------------------------------------------------
TOTAL                   318     16    95%
